<?xml version="1.0" encoding="UTF-8"?>
<testng-results ignored="0" total="1" passed="1" failed="0" skipped="0">
  <reporter-output>
  </reporter-output>
  <suite started-at="2025-06-06T19:25:27 IST" name="Default suite" finished-at="2025-06-06T19:25:28 IST" duration-ms="240">
    <groups>
    </groups>
    <test started-at="2025-06-06T19:25:27 IST" name="Default test" finished-at="2025-06-06T19:25:28 IST" duration-ms="240">
      <class name="GitX.bluebeast.TestDemo">
        <test-method signature="firstTest()[pri:0, instance:GitX.bluebeast.TestDemo@34e9fd99]" started-at="2025-06-06T19:25:28 IST" name="firstTest" finished-at="2025-06-06T19:25:28 IST" duration-ms="39" status="PASS">
          <reporter-output>
          </reporter-output>
        </test-method> <!-- firstTest -->
      </class> <!-- GitX.bluebeast.TestDemo -->
    </test> <!-- Default test -->
  </suite> <!-- Default suite -->
</testng-results>
